app/build/outputs/logs/manifest-merger-debug-report.txt
-- Merging decision tree log ---
manifest
ADDED from src/main/AndroidManifest.xml:2:1-134:12
	xmlns:android
		ADDED from src/main/AndroidManifest.xml:2:11-69
	package
		ADDED from src/main/AndroidManifest.xml:3:5-38
		INJECTED from src/main/AndroidManifest.xml
		INJECTED from src/main/AndroidManifest.xml
	android:versionName
		ADDED from src/main/AndroidManifest.xml:5:5-30
		INJECTED from src/main/AndroidManifest.xml
		INJECTED from src/main/AndroidManifest.xml
	android:versionCode
		ADDED from src/main/AndroidManifest.xml:4:5-28
		INJECTED from src/main/AndroidManifest.xml
		INJECTED from src/main/AndroidManifest.xml
uses-permission#android.permission.INTERNET
ADDED from src/main/AndroidManifest.xml:7:5-66
	android:name
		ADDED from src/main/AndroidManifest.xml:7:22-64
uses-permission#android.permission.WAKE_LOCK
ADDED from src/main/AndroidManifest.xml:8:5-67
	android:name
		ADDED from src/main/AndroidManifest.xml:8:22-65
uses-permission#android.permission.WRITE_EXTERNAL_STORAGE
ADDED from src/main/AndroidManifest.xml:9:5-81
	android:name
		ADDED from src/main/AndroidManifest.xml:9:22-78
uses-sdk
ADDED from src/main/AndroidManifest.xml:11:5-13:41
MERGED from [com.github.siyamed:android-shape-imageview:0.9.3] AndroidManifest.xml:8:5-10:41
	android:targetSdkVersion
		ADDED from src/main/AndroidManifest.xml:13:9-38
		INJECTED from src/main/AndroidManifest.xml
		INJECTED from src/main/AndroidManifest.xml
	android:minSdkVersion
		ADDED from src/main/AndroidManifest.xml:12:9-35
		INJECTED from src/main/AndroidManifest.xml
		INJECTED from src/main/AndroidManifest.xml
application
ADDED from src/main/AndroidManifest.xml:15:5-132:19
	android:label
		ADDED from src/main/AndroidManifest.xml:18:9-41
	android:allowBackup
		ADDED from src/main/AndroidManifest.xml:16:9-35
	android:icon
		ADDED from src/main/AndroidManifest.xml:17:9-45
activity#sefatunckanat.bestplace.screens.SplashScreen
ADDED from src/main/AndroidManifest.xml:19:9-27:20
	android:screenOrientation
		ADDED from src/main/AndroidManifest.xml:20:13-49
	android:theme
		ADDED from src/main/AndroidManifest.xml:22:13-44
	android:name
		ADDED from src/main/AndroidManifest.xml:21:13-49
intent-filter#android.intent.action.MAIN+android.intent.category.LAUNCHER
ADDED from src/main/AndroidManifest.xml:23:13-26:29
action#android.intent.action.MAIN
ADDED from src/main/AndroidManifest.xml:24:17-69
	android:name
		ADDED from src/main/AndroidManifest.xml:24:25-66
category#android.intent.category.LAUNCHER
ADDED from src/main/AndroidManifest.xml:25:17-77
	android:name
		ADDED from src/main/AndroidManifest.xml:25:27-74
activity#sefatunckanat.bestplace.screens.LoginScreen
ADDED from src/main/AndroidManifest.xml:28:9-36:20
	android:screenOrientation
		ADDED from src/main/AndroidManifest.xml:29:13-49
	android:theme
		ADDED from src/main/AndroidManifest.xml:31:13-44
	android:name
		ADDED from src/main/AndroidManifest.xml:30:13-48
intent-filter#android.intent.action.MAIN+android.intent.category.DEFAULT
ADDED from src/main/AndroidManifest.xml:32:13-35:29
category#android.intent.category.DEFAULT
ADDED from src/main/AndroidManifest.xml:34:17-76
	android:name
		ADDED from src/main/AndroidManifest.xml:34:27-73
activity#sefatunckanat.bestplace.screens.RegisterScreen
ADDED from src/main/AndroidManifest.xml:37:9-46:20
	android:screenOrientation
		ADDED from src/main/AndroidManifest.xml:38:13-49
	android:label
		ADDED from src/main/AndroidManifest.xml:40:13-29
	android:theme
		ADDED from src/main/AndroidManifest.xml:41:13-44
	android:name
		ADDED from src/main/AndroidManifest.xml:39:13-51
activity#sefatunckanat.bestplace.screens.ProfileScreen
ADDED from src/main/AndroidManifest.xml:47:9-56:20
	android:screenOrientation
		ADDED from src/main/AndroidManifest.xml:48:13-49
	android:label
		ADDED from src/main/AndroidManifest.xml:50:13-29
	android:theme
		ADDED from src/main/AndroidManifest.xml:51:13-44
	android:name
		ADDED from src/main/AndroidManifest.xml:49:13-50
activity#sefatunckanat.bestplace.screens.FullPageProfileImage
ADDED from src/main/AndroidManifest.xml:57:9-67:20
	android:screenOrientation
		ADDED from src/main/AndroidManifest.xml:58:13-49
	android:label
		ADDED from src/main/AndroidManifest.xml:60:13-29
	android:icon
		ADDED from src/main/AndroidManifest.xml:62:13-42
	android:theme
		ADDED from src/main/AndroidManifest.xml:61:13-44
	android:name
		ADDED from src/main/AndroidManifest.xml:59:13-57
activity#sefatunckanat.bestplace.screens.EditorScreen
ADDED from src/main/AndroidManifest.xml:68:9-77:20
	android:screenOrientation
		ADDED from src/main/AndroidManifest.xml:69:13-49
	android:label
		ADDED from src/main/AndroidManifest.xml:71:13-44
	android:theme
		ADDED from src/main/AndroidManifest.xml:72:13-44
	android:name
		ADDED from src/main/AndroidManifest.xml:70:13-49
activity#sefatunckanat.bestplace.screens.NotifsScreen
ADDED from src/main/AndroidManifest.xml:78:9-87:20
	android:screenOrientation
		ADDED from src/main/AndroidManifest.xml:79:13-49
	android:label
		ADDED from src/main/AndroidManifest.xml:81:13-38
	android:theme
		ADDED from src/main/AndroidManifest.xml:82:13-44
	android:name
		ADDED from src/main/AndroidManifest.xml:80:13-49
activity#sefatunckanat.bestplace.screens.Place
ADDED from src/main/AndroidManifest.xml:88:9-98:20
	android:screenOrientation
		ADDED from src/main/AndroidManifest.xml:89:13-49
	android:label
		ADDED from src/main/AndroidManifest.xml:91:13-29
	android:icon
		ADDED from src/main/AndroidManifest.xml:93:13-42
	android:theme
		ADDED from src/main/AndroidManifest.xml:92:13-44
	android:name
		ADDED from src/main/AndroidManifest.xml:90:13-42
activity#sefatunckanat.bestplace.screens.Discovery
ADDED from src/main/AndroidManifest.xml:99:9-109:20
	android:screenOrientation
		ADDED from src/main/AndroidManifest.xml:100:13-49
	android:label
		ADDED from src/main/AndroidManifest.xml:102:13-35
	android:icon
		ADDED from src/main/AndroidManifest.xml:104:13-42
	android:theme
		ADDED from src/main/AndroidManifest.xml:103:13-44
	android:name
		ADDED from src/main/AndroidManifest.xml:101:13-46
activity#sefatunckanat.bestplace.screens.Homepage
ADDED from src/main/AndroidManifest.xml:110:9-120:20
	android:screenOrientation
		ADDED from src/main/AndroidManifest.xml:111:13-49
	android:label
		ADDED from src/main/AndroidManifest.xml:113:13-37
	android:icon
		ADDED from src/main/AndroidManifest.xml:115:13-42
	android:theme
		ADDED from src/main/AndroidManifest.xml:114:13-44
	android:name
		ADDED from src/main/AndroidManifest.xml:112:13-45
activity#sefatunckanat.bestplace.screens.Developer
ADDED from src/main/AndroidManifest.xml:121:9-131:20
	android:screenOrientation
		ADDED from src/main/AndroidManifest.xml:122:13-49
	android:label
		ADDED from src/main/AndroidManifest.xml:124:13-42
	android:icon
		ADDED from src/main/AndroidManifest.xml:126:13-42
	android:theme
		ADDED from src/main/AndroidManifest.xml:125:13-44
	android:name
		ADDED from src/main/AndroidManifest.xml:123:13-46